<?xml version="1.0" encoding="UTF-8"?>
<!-- Generated by org.testng.reporters.JUnitReportReporter -->
<testsuite hostname="DESKTOP-5LN919O" name="com.qa.test.RestClientTest" tests="2" failures="0" timestamp="19 Jul 2018 07:48:16 GMT" time="2.265" errors="0">
  <testcase name="getWithHeaderTest" time="1.604" classname="com.qa.test.RestClientTest"/>
  <testcase name="getWithoutHeaderTest" time="0.661" classname="com.qa.test.RestClientTest"/>
</testsuite> <!-- com.qa.test.RestClientTest -->
