<?xml version="1.0" encoding="UTF-8"?>
<!-- Generated by org.testng.reporters.JUnitReportReporter -->
<testsuite skipped="0" hostname="DESKTOP-5LN919O" name="com.qa.test.RestClientPostTest" tests="1" failures="0" timestamp="23 Jul 2018 03:10:24 GMT" time="2.860" errors="0">
  <testcase name="post" time="2.860" classname="com.qa.test.RestClientPostTest"/>
</testsuite> <!-- com.qa.test.RestClientPostTest -->
