<?xml version="1.0" encoding="UTF-8"?>
<!-- Generated by org.testng.reporters.JUnitReportReporter -->
<testsuite skipped="0" hostname="DESKTOP-5LN919O" name="com.qa.test.RestClientPostTest" tests="1" failures="0" timestamp="20 Jul 2018 07:09:38 GMT" time="1.725" errors="0">
  <testcase name="post" time="1.725" classname="com.qa.test.RestClientPostTest"/>
</testsuite> <!-- com.qa.test.RestClientPostTest -->
