<?xml version="1.0" encoding="UTF-8"?>
<!-- Generated by org.testng.reporters.JUnitReportReporter -->
<testsuite hostname="DESKTOP-5LN919O" name="practice.AppTest" tests="1" failures="0" timestamp="17 Jul 2018 12:57:58 GMT" time="0.004" errors="0">
  <testcase name="test" time="0.004" classname="practice.AppTest"/>
</testsuite> <!-- practice.AppTest -->
