<?xml version="1.0" encoding="UTF-8"?>
<!-- Generated by org.testng.reporters.JUnitReportReporter -->
<testsuite skipped="0" hostname="DESKTOP-5LN919O" name="com.qa.test.RestClientGetTest" tests="2" failures="0" timestamp="23 Jul 2018 03:09:46 GMT" time="5.916" errors="0">
  <testcase name="getWithoutHeaderTest" time="0.640" classname="com.qa.test.RestClientGetTest"/>
  <testcase name="getWithHeaderTest" time="5.276" classname="com.qa.test.RestClientGetTest"/>
</testsuite> <!-- com.qa.test.RestClientGetTest -->
