<?xml version="1.0" encoding="UTF-8"?>
<!-- Generated by org.testng.reporters.JUnitReportReporter -->
<testsuite skipped="0" hostname="DESKTOP-5LN919O" name="com.qa.test.RestClientGetTest" tests="2" failures="0" timestamp="20 Jul 2018 07:09:45 GMT" time="2.028" errors="0">
  <testcase name="getWithoutHeaderTest" time="0.681" classname="com.qa.test.RestClientGetTest"/>
  <testcase name="getWithHeaderTest" time="1.347" classname="com.qa.test.RestClientGetTest"/>
</testsuite> <!-- com.qa.test.RestClientGetTest -->
